<?xml version="1.0" encoding="UTF-8"?>
<testsuite name="MainKtTest" tests="2" skipped="0" failures="0" errors="0" timestamp="2021-07-21T09:34:23" hostname="DESKTOP-9J2UKKD" time="0.033">
  <properties/>
  <testcase name="transferVkPay" classname="MainKtTest" time="0.031"/>
  <testcase name="notTransferVkPay" classname="MainKtTest" time="0.002"/>
  <system-out><![CDATA[]]></system-out>
  <system-err><![CDATA[]]></system-err>
</testsuite>
