<?xml version="1.0" encoding="UTF-8"?>
<testsuite name="MainKtTest" tests="1" skipped="0" failures="0" errors="0" timestamp="2021-07-21T00:10:22" hostname="DESKTOP-9J2UKKD" time="0.029">
  <properties/>
  <testcase name="transfer" classname="MainKtTest" time="0.029"/>
  <system-out><![CDATA[]]></system-out>
  <system-err><![CDATA[]]></system-err>
</testsuite>
